01:25:21.979 [main] INFO  api.test.UserTests - *********Creating User***************
01:25:29.059 [main] INFO  api.test.UserTests - *********User get***************
01:25:30.257 [main] INFO  api.test.UserTests - *********Upadte User***************
01:25:32.737 [main] INFO  api.test.UserTests - *********Deleting User***************
01:25:34.142 [main] DEBUG org.apache.poi.openxml4j.opc.PackageRelationshipCollection - Parsing relationship: /xl/_rels/workbook.xml.rels
01:25:34.148 [main] DEBUG org.apache.poi.openxml4j.opc.PackageRelationshipCollection - Parsing relationship: /xl/worksheets/_rels/sheet1.xml.rels
01:25:34.228 [main] DEBUG org.apache.poi.openxml4j.opc.PackageRelationshipCollection - Parsing relationship: /_rels/.rels
01:25:35.206 [main] DEBUG org.apache.poi.ooxml.POIXMLFactory - using default POIXMLDocumentPart for http://schemas.openxmlformats.org/officeDocument/2006/relationships/printerSettings
01:25:38.976 [main] DEBUG org.apache.poi.openxml4j.opc.PackageRelationshipCollection - Parsing relationship: /xl/_rels/workbook.xml.rels
01:25:38.979 [main] DEBUG org.apache.poi.openxml4j.opc.PackageRelationshipCollection - Parsing relationship: /xl/worksheets/_rels/sheet1.xml.rels
01:25:38.981 [main] DEBUG org.apache.poi.openxml4j.opc.PackageRelationshipCollection - Parsing relationship: /_rels/.rels
01:25:39.021 [main] DEBUG org.apache.poi.ooxml.POIXMLFactory - using default POIXMLDocumentPart for http://schemas.openxmlformats.org/officeDocument/2006/relationships/printerSettings
01:33:15.046 [main] INFO  api.test.UserTests - *********Creating User***************
01:33:20.693 [main] INFO  api.test.UserTests - *********User get***************
01:33:22.021 [main] INFO  api.test.UserTests - *********Upadte User***************
01:33:24.460 [main] INFO  api.test.UserTests - *********Deleting User***************
01:33:25.952 [main] DEBUG org.apache.poi.openxml4j.opc.PackageRelationshipCollection - Parsing relationship: /xl/_rels/workbook.xml.rels
01:33:25.958 [main] DEBUG org.apache.poi.openxml4j.opc.PackageRelationshipCollection - Parsing relationship: /xl/worksheets/_rels/sheet1.xml.rels
01:33:26.012 [main] DEBUG org.apache.poi.openxml4j.opc.PackageRelationshipCollection - Parsing relationship: /_rels/.rels
01:33:26.825 [main] DEBUG org.apache.poi.ooxml.POIXMLFactory - using default POIXMLDocumentPart for http://schemas.openxmlformats.org/officeDocument/2006/relationships/printerSettings
01:33:30.696 [main] DEBUG org.apache.poi.openxml4j.opc.PackageRelationshipCollection - Parsing relationship: /xl/_rels/workbook.xml.rels
01:33:30.698 [main] DEBUG org.apache.poi.openxml4j.opc.PackageRelationshipCollection - Parsing relationship: /xl/worksheets/_rels/sheet1.xml.rels
01:33:30.700 [main] DEBUG org.apache.poi.openxml4j.opc.PackageRelationshipCollection - Parsing relationship: /_rels/.rels
01:33:30.731 [main] DEBUG org.apache.poi.ooxml.POIXMLFactory - using default POIXMLDocumentPart for http://schemas.openxmlformats.org/officeDocument/2006/relationships/printerSettings
01:34:45.768 [main] INFO  api.test.UserTests - *********Creating User***************
01:34:51.374 [main] INFO  api.test.UserTests - *********User get***************
01:34:52.622 [main] INFO  api.test.UserTests - *********Upadte User***************
01:34:55.151 [main] INFO  api.test.UserTests - *********Deleting User***************
01:34:56.602 [main] DEBUG org.apache.poi.openxml4j.opc.PackageRelationshipCollection - Parsing relationship: /xl/_rels/workbook.xml.rels
01:34:56.607 [main] DEBUG org.apache.poi.openxml4j.opc.PackageRelationshipCollection - Parsing relationship: /xl/worksheets/_rels/sheet1.xml.rels
01:34:56.641 [main] DEBUG org.apache.poi.openxml4j.opc.PackageRelationshipCollection - Parsing relationship: /_rels/.rels
01:34:57.396 [main] DEBUG org.apache.poi.ooxml.POIXMLFactory - using default POIXMLDocumentPart for http://schemas.openxmlformats.org/officeDocument/2006/relationships/printerSettings
01:35:01.234 [main] DEBUG org.apache.poi.openxml4j.opc.PackageRelationshipCollection - Parsing relationship: /xl/_rels/workbook.xml.rels
01:35:01.237 [main] DEBUG org.apache.poi.openxml4j.opc.PackageRelationshipCollection - Parsing relationship: /xl/worksheets/_rels/sheet1.xml.rels
01:35:01.240 [main] DEBUG org.apache.poi.openxml4j.opc.PackageRelationshipCollection - Parsing relationship: /_rels/.rels
01:35:01.267 [main] DEBUG org.apache.poi.ooxml.POIXMLFactory - using default POIXMLDocumentPart for http://schemas.openxmlformats.org/officeDocument/2006/relationships/printerSettings
08:18:01.125 [main] INFO  api.test.UserTests2 - *********Creating User***************
08:18:27.875 [main] INFO  api.test.UserTests2 - *********Creating User***************
08:18:31.421 [main] INFO  api.test.UserTests2 - *********User get***************
08:18:31.561 [main] INFO  api.test.UserTests2 - *********Upadte User***************
08:18:33.510 [main] INFO  api.test.UserTests2 - *********Deleting User***************
08:19:38.559 [main] INFO  api.test.UserTests2 - *********Creating User***************
08:19:42.273 [main] INFO  api.test.UserTests2 - *********User get***************
08:19:42.428 [main] INFO  api.test.UserTests2 - *********Upadte User***************
08:19:44.361 [main] INFO  api.test.UserTests2 - *********Deleting User***************
08:28:10.354 [main] INFO  api.test.UserTests2 - *********Creating User***************
08:28:14.306 [main] INFO  api.test.UserTests2 - *********User get***************
08:28:14.528 [main] INFO  api.test.UserTests2 - *********Upadte User***************
08:28:14.595 [main] INFO  api.test.UserTests2 - *********Deleting User***************
08:29:59.898 [main] INFO  api.test.UserTests - *********Creating User***************
08:30:05.275 [main] INFO  api.test.UserTests - *********User get***************
08:30:06.453 [main] INFO  api.test.UserTests - *********Upadte User***************
08:30:08.905 [main] INFO  api.test.UserTests - *********Deleting User***************
08:35:43.371 [main] INFO  api.test.UserTests - *********Creating User***************
08:35:48.516 [main] INFO  api.test.UserTests - *********User get***************
08:35:49.705 [main] INFO  api.test.UserTests - *********Upadte User***************
08:35:52.090 [main] INFO  api.test.UserTests - *********Deleting User***************
08:41:05.029 [main] INFO  api.test.UserTests2 - *********Creating User***************
08:41:08.682 [main] INFO  api.test.UserTests2 - *********User get***************
08:41:08.806 [main] INFO  api.test.UserTests2 - *********Upadte User***************
08:41:08.869 [main] INFO  api.test.UserTests2 - *********Deleting User***************
08:42:25.572 [main] INFO  api.test.UserTests2 - *********Creating User***************
08:42:32.253 [main] INFO  api.test.UserTests2 - *********User get***************
08:42:33.558 [main] INFO  api.test.UserTests2 - *********Upadte User***************
08:42:34.795 [main] INFO  api.test.UserTests2 - *********Deleting User***************
08:45:10.524 [main] INFO  api.test.UserTests2 - *********Creating User***************
08:45:15.803 [main] INFO  api.test.UserTests2 - *********User get***************
08:45:17.087 [main] INFO  api.test.UserTests2 - *********Upadte User***************
08:45:19.380 [main] INFO  api.test.UserTests2 - *********Deleting User***************
08:47:42.490 [main] INFO  api.test.UserTests - *********Creating User***************
08:47:47.732 [main] INFO  api.test.UserTests - *********User get***************
08:47:49.005 [main] INFO  api.test.UserTests - *********Upadte User***************
08:47:51.257 [main] INFO  api.test.UserTests - *********Deleting User***************
08:57:35.626 [main] INFO  api.test.UserTests - *********Creating User***************
08:57:43.027 [main] INFO  api.test.UserTests - *********User get***************
08:57:44.222 [main] INFO  api.test.UserTests - *********Upadte User***************
08:57:46.557 [main] INFO  api.test.UserTests - *********Deleting User***************
09:01:21.640 [main] INFO  api.test.UserTests - *********Creating User***************
09:01:27.105 [main] INFO  api.test.UserTests - *********User get***************
09:01:28.390 [main] INFO  api.test.UserTests - *********Upadte User***************
09:05:45.850 [main] INFO  api.test.UserTests - *********Creating User***************
09:05:51.826 [main] INFO  api.test.UserTests - *********User get***************
09:08:51.543 [main] INFO  api.test.UserTests - *********Creating User***************
09:08:56.916 [main] INFO  api.test.UserTests - *********User get***************
09:08:59.148 [main] INFO  api.test.UserTests - *********Upadte User***************
09:09:03.570 [main] INFO  api.test.UserTests - *********Deleting User***************
09:47:37.360 [main] DEBUG org.apache.poi.openxml4j.opc.PackageRelationshipCollection - Parsing relationship: /xl/_rels/workbook.xml.rels
09:47:37.373 [main] DEBUG org.apache.poi.openxml4j.opc.PackageRelationshipCollection - Parsing relationship: /xl/worksheets/_rels/sheet1.xml.rels
09:47:37.417 [main] DEBUG org.apache.poi.openxml4j.opc.PackageRelationshipCollection - Parsing relationship: /_rels/.rels
09:47:38.516 [main] DEBUG org.apache.poi.ooxml.POIXMLFactory - using default POIXMLDocumentPart for http://schemas.openxmlformats.org/officeDocument/2006/relationships/printerSettings
09:47:46.935 [main] DEBUG org.apache.poi.openxml4j.opc.PackageRelationshipCollection - Parsing relationship: /xl/_rels/workbook.xml.rels
09:47:46.938 [main] DEBUG org.apache.poi.openxml4j.opc.PackageRelationshipCollection - Parsing relationship: /xl/worksheets/_rels/sheet1.xml.rels
09:47:46.941 [main] DEBUG org.apache.poi.openxml4j.opc.PackageRelationshipCollection - Parsing relationship: /_rels/.rels
09:47:46.967 [main] DEBUG org.apache.poi.ooxml.POIXMLFactory - using default POIXMLDocumentPart for http://schemas.openxmlformats.org/officeDocument/2006/relationships/printerSettings
09:47:50.884 [main] INFO  api.test.UserTests - *********Creating User***************
09:47:52.103 [main] INFO  api.test.UserTests - *********User get***************
09:47:54.246 [main] INFO  api.test.UserTests - *********Upadte User***************
09:47:58.571 [main] INFO  api.test.UserTests - *********Deleting User***************
09:51:14.911 [main] INFO  api.test.UserTests - *********Creating User***************
09:51:21.093 [main] INFO  api.test.UserTests - *********User get***************
09:51:23.421 [main] INFO  api.test.UserTests - *********Upadte User***************
09:51:27.808 [main] INFO  api.test.UserTests - *********Deleting User***************
09:52:08.001 [main] INFO  api.test.UserTests - *********Creating User***************
09:52:13.303 [main] INFO  api.test.UserTests - *********User get***************
09:52:15.497 [main] INFO  api.test.UserTests - *********Upadte User***************
09:52:19.886 [main] INFO  api.test.UserTests - *********Deleting User***************
09:55:24.726 [main] INFO  api.test.UserTests - *********Creating User***************
09:55:29.986 [main] INFO  api.test.UserTests - *********User get***************
09:55:32.301 [main] INFO  api.test.UserTests - *********Upadte User***************
09:55:36.707 [main] INFO  api.test.UserTests - *********Deleting User***************
09:59:02.026 [main] INFO  api.test.UserTests - *********Creating User***************
09:59:08.368 [main] INFO  api.test.UserTests - *********User get***************
09:59:10.569 [main] INFO  api.test.UserTests - *********Upadte User***************
09:59:14.995 [main] INFO  api.test.UserTests - *********Deleting User***************
10:01:27.926 [main] INFO  api.test.UserTests - *********Creating User***************
10:01:36.325 [main] INFO  api.test.UserTests - *********User get***************
10:01:38.673 [main] INFO  api.test.UserTests - *********Upadte User***************
10:01:43.211 [main] INFO  api.test.UserTests - *********Deleting User***************
10:02:54.397 [main] DEBUG org.apache.poi.openxml4j.opc.PackageRelationshipCollection - Parsing relationship: /xl/_rels/workbook.xml.rels
10:02:54.416 [main] DEBUG org.apache.poi.openxml4j.opc.PackageRelationshipCollection - Parsing relationship: /xl/worksheets/_rels/sheet1.xml.rels
10:02:54.480 [main] DEBUG org.apache.poi.openxml4j.opc.PackageRelationshipCollection - Parsing relationship: /_rels/.rels
10:02:56.426 [main] DEBUG org.apache.poi.ooxml.POIXMLFactory - using default POIXMLDocumentPart for http://schemas.openxmlformats.org/officeDocument/2006/relationships/printerSettings
10:03:08.722 [main] DEBUG org.apache.poi.openxml4j.opc.PackageRelationshipCollection - Parsing relationship: /xl/_rels/workbook.xml.rels
10:03:08.727 [main] DEBUG org.apache.poi.openxml4j.opc.PackageRelationshipCollection - Parsing relationship: /xl/worksheets/_rels/sheet1.xml.rels
10:03:08.729 [main] DEBUG org.apache.poi.openxml4j.opc.PackageRelationshipCollection - Parsing relationship: /_rels/.rels
10:03:08.829 [main] DEBUG org.apache.poi.ooxml.POIXMLFactory - using default POIXMLDocumentPart for http://schemas.openxmlformats.org/officeDocument/2006/relationships/printerSettings
10:03:13.085 [main] INFO  api.test.UserTests - *********Creating User***************
10:03:14.408 [main] INFO  api.test.UserTests - *********User get***************
10:03:16.631 [main] INFO  api.test.UserTests - *********Upadte User***************
10:03:21.062 [main] INFO  api.test.UserTests - *********Deleting User***************
10:09:25.783 [main] DEBUG org.apache.poi.openxml4j.opc.PackageRelationshipCollection - Parsing relationship: /xl/_rels/workbook.xml.rels
10:09:25.803 [main] DEBUG org.apache.poi.openxml4j.opc.PackageRelationshipCollection - Parsing relationship: /xl/worksheets/_rels/sheet1.xml.rels
10:09:25.843 [main] DEBUG org.apache.poi.openxml4j.opc.PackageRelationshipCollection - Parsing relationship: /_rels/.rels
10:09:26.619 [main] DEBUG org.apache.poi.ooxml.POIXMLFactory - using default POIXMLDocumentPart for http://schemas.openxmlformats.org/officeDocument/2006/relationships/printerSettings
10:09:34.692 [main] DEBUG org.apache.poi.openxml4j.opc.PackageRelationshipCollection - Parsing relationship: /xl/_rels/workbook.xml.rels
10:09:34.695 [main] DEBUG org.apache.poi.openxml4j.opc.PackageRelationshipCollection - Parsing relationship: /xl/worksheets/_rels/sheet1.xml.rels
10:09:34.697 [main] DEBUG org.apache.poi.openxml4j.opc.PackageRelationshipCollection - Parsing relationship: /_rels/.rels
10:09:34.729 [main] DEBUG org.apache.poi.ooxml.POIXMLFactory - using default POIXMLDocumentPart for http://schemas.openxmlformats.org/officeDocument/2006/relationships/printerSettings
10:09:38.730 [main] INFO  api.test.UserTests - *********Creating User***************
10:09:40.013 [main] INFO  api.test.UserTests - *********User get***************
10:09:42.276 [main] INFO  api.test.UserTests - *********Upadte User***************
10:09:46.629 [main] INFO  api.test.UserTests - *********Deleting User***************
10:10:58.926 [main] INFO  api.test.UserTests - *********Creating User***************
10:11:05.120 [main] INFO  api.test.UserTests - *********User get***************
10:11:07.311 [main] INFO  api.test.UserTests - *********Upadte User***************
10:11:11.812 [main] INFO  api.test.UserTests - *********Deleting User***************
10:16:35.599 [main] INFO  api.test.UserTests - *********Creating User***************
10:16:41.743 [main] INFO  api.test.UserTests - *********User get***************
10:16:44.037 [main] INFO  api.test.UserTests - *********Upadte User***************
10:16:48.363 [main] INFO  api.test.UserTests - *********Deleting User***************
10:24:25.238 [main] INFO  api.test.UserTests - *********Creating User***************
10:24:30.763 [main] INFO  api.test.UserTests - *********User get***************
10:24:33.074 [main] INFO  api.test.UserTests - *********Upadte User***************
10:24:37.562 [main] INFO  api.test.UserTests - *********Deleting User***************
10:52:12.982 [main] INFO  api.test.UserTests - *********Creating User***************
10:52:19.835 [main] INFO  api.test.UserTests - *********User get***************
10:52:21.999 [main] INFO  api.test.UserTests - *********Upadte User***************
10:52:27.476 [main] INFO  api.test.UserTests - *********Deleting User***************
11:10:51.486 [main] INFO  api.test.UserTests - *********Creating User***************
11:10:58.051 [main] INFO  api.test.UserTests - *********User get***************
11:11:00.245 [main] INFO  api.test.UserTests - *********Upadte User***************
11:11:05.046 [main] INFO  api.test.UserTests - *********Deleting User***************
11:15:03.622 [main] INFO  api.test.UserTests - *********Creating User***************
11:15:09.517 [main] INFO  api.test.UserTests - *********User get***************
11:15:11.729 [main] INFO  api.test.UserTests - *********Upadte User***************
11:15:16.201 [main] INFO  api.test.UserTests - *********Deleting User***************
11:17:42.603 [main] INFO  api.test.UserTests - *********Creating User***************
11:17:47.963 [main] INFO  api.test.UserTests - *********User get***************
11:17:50.150 [main] INFO  api.test.UserTests - *********Upadte User***************
11:17:54.556 [main] INFO  api.test.UserTests - *********Deleting User***************
20:44:33.933 [main] INFO  api.test.UserTests - *********Creating User*****************
20:44:45.018 [main] INFO  api.test.UserTests - *********User get***************
20:44:47.288 [main] INFO  api.test.UserTests - *********Upadte User***************
20:44:51.703 [main] INFO  api.test.UserTests - *********Deleting User***************
20:58:31.741 [main] INFO  api.test.UserTests - *********Creating User*****************
20:58:41.669 [main] INFO  api.test.UserTests - *********User get***************
20:58:44.195 [main] INFO  api.test.UserTests - *********Upadte User***************
20:58:48.668 [main] INFO  api.test.UserTests - *********Deleting User***************
21:14:39.002 [main] INFO  api.test.UserTests - *********Creating User*****************
21:14:48.975 [main] INFO  api.test.UserTests - *********User get***************
21:14:51.375 [main] INFO  api.test.UserTests - *********Upadte User***************
21:14:55.954 [main] INFO  api.test.UserTests - *********Deleting User***************
21:16:19.572 [main] INFO  api.test.UserTests - *********Creating User*****************
21:16:28.694 [main] INFO  api.test.UserTests - *********User get***************
21:16:30.981 [main] INFO  api.test.UserTests - *********Upadte User***************
21:16:35.426 [main] INFO  api.test.UserTests - *********Deleting User***************
21:18:24.036 [main] INFO  api.test.UserTests - *********Creating User*****************
21:18:34.357 [main] INFO  api.test.UserTests - *********User get***************
21:18:36.654 [main] INFO  api.test.UserTests - *********Upadte User***************
21:18:41.241 [main] INFO  api.test.UserTests - *********Deleting User***************
21:20:22.092 [main] INFO  api.test.UserTests - *********Creating User*****************
21:20:31.379 [main] INFO  api.test.UserTests - *********User get***************
21:20:33.882 [main] INFO  api.test.UserTests - *********Upadte User***************
21:20:38.462 [main] INFO  api.test.UserTests - *********Deleting User***************
